INFO:root: Fri Feb 14 03:22:28 2020
	sample_rate: 16000, window_width: 16000, LAYER_SIZE: 15, 
	HIDDEN_LAYER_COUNT: 8, epochs: 30 
	Nr. of examples trained on: 1121 
	tensorflow version: 2.0.0
	python version: 3.6.9
INFO:root: loss: 0.5051411849967504 epoch time: 553.8414602279663 s
INFO:root: loss: 0.30643653505407836 epoch time: 537.8222372531891 s
INFO:root: loss: 0.21182129446360598 epoch time: 545.3959858417511 s
INFO:root: loss: 0.13262681288845724 epoch time: 537.386477470398 s
INFO:root: loss: 0.07870480705328439 epoch time: 539.3016073703766 s
INFO:root: loss: 0.05807518965027143 epoch time: 539.9250295162201 s
INFO:root: loss: 0.0521712250721763 epoch time: 539.8797359466553 s
INFO:root: loss: 0.048379526313238115 epoch time: 537.8218383789062 s
INFO:root: loss: 0.0453426886539338 epoch time: 539.700288772583 s
INFO:root: loss: 0.043143480082344095 epoch time: 540.6026003360748 s
INFO:root: loss: 0.0406379346003844 epoch time: 536.0295028686523 s
INFO:root: loss: 0.06779682577772932 epoch time: 546.9642040729523 s
INFO:root: loss: 0.05327116940619157 epoch time: 547.3229444026947 s
INFO:root: loss: 0.05059623921640636 epoch time: 537.4961318969727 s
INFO:root: loss: 0.048742653574399074 epoch time: 538.0316841602325 s
INFO:root: loss: 0.04715910830088857 epoch time: 539.2902526855469 s
INFO:root: loss: 0.04561261654923687 epoch time: 545.2915194034576 s
INFO:root: loss: 0.04426984711285152 epoch time: 537.8840277194977 s
INFO:root: loss: 0.043040149535295905 epoch time: 536.1629660129547 s
INFO:root: loss: 0.041818174677273716 epoch time: 540.0584783554077 s
INFO:root: loss: 0.04074661585898616 epoch time: 538.1907014846802 s
INFO:root: loss: 0.039733616028722114 epoch time: 541.3260221481323 s
INFO:root: loss: 0.03873634181192259 epoch time: 538.2505342960358 s
INFO:root: loss: 0.03776772365133535 epoch time: 535.5731220245361 s
INFO:root: loss: 0.03690328895646903 epoch time: 538.6061289310455 s
INFO:root: loss: 0.036033824657777075 epoch time: 543.2649285793304 s
INFO:root: loss: 0.0352417399689728 epoch time: 537.7014191150665 s
INFO:root: loss: 0.034423927584601555 epoch time: 540.787926197052 s
INFO:root: loss: 0.03370403041639411 epoch time: 537.1872713565826 s
INFO:root: loss: 0.03304087927932191 epoch time: 538.1644213199615 s
INFO:root: training time=16208.884648
INFO:tensorflow:Assets written to: ./results/test_hidden_layer/model2_14_2_2020_3_22_15/saved_model/assets
